
*** Running vivado
    with args -log Nibbler.vdi -applog -m64 -product Vivado -messageDb vivado.pb -mode batch -source Nibbler.tcl -notrace



****** Vivado v2022.1 (64-bit)
  **** SW Build 3526262 on Mon Apr 18 15:48:16 MDT 2022
  **** IP Build 3524634 on Mon Apr 18 20:55:01 MDT 2022
    ** Copyright 1986-2022 Xilinx, Inc. All Rights Reserved.

source Nibbler.tcl -notrace
Command: link_design -top Nibbler -part xc7z020clg484-1
Design is defaulting to srcset: sources_1
Design is defaulting to constrset: constrs_1
INFO: [Device 21-403] Loading part xc7z020clg484-1
Netlist sorting complete. Time (s): cpu = 00:00:01 ; elapsed = 00:00:00.192 . Memory (MB): peak = 1276.125 ; gain = 0.000
INFO: [Netlist 29-17] Analyzing 3279 Unisim elements for replacement
INFO: [Netlist 29-28] Unisim Transformation completed in 0 CPU seconds
WARNING: [Netlist 29-101] Netlist 'Nibbler' is not ideal for floorplanning, since the cellview 'Ram' contains a large number of primitives.  Please consider enabling hierarchy in synthesis if you want to do floorplanning.
INFO: [Project 1-479] Netlist was created with Vivado 2022.1
INFO: [Project 1-570] Preparing netlist for logic optimization
Parsing XDC File [D:/Vivado/NibblerCPU_4p5mhz/NibblerCPU_4p5mhz.srcs/constrs_1/new/NibblerSDC.xdc]
Finished Parsing XDC File [D:/Vivado/NibblerCPU_4p5mhz/NibblerCPU_4p5mhz.srcs/constrs_1/new/NibblerSDC.xdc]
INFO: [Opt 31-138] Pushed 0 inverter(s) to 0 load pin(s).
Netlist sorting complete. Time (s): cpu = 00:00:00 ; elapsed = 00:00:00.007 . Memory (MB): peak = 1276.125 ; gain = 0.000
INFO: [Project 1-111] Unisim Transformation Summary:
No Unisim elements were transformed.

7 Infos, 1 Warnings, 0 Critical Warnings and 0 Errors encountered.
link_design completed successfully
link_design: Time (s): cpu = 00:00:09 ; elapsed = 00:00:21 . Memory (MB): peak = 1276.125 ; gain = 0.000
Command: opt_design -directive Explore
INFO: [Vivado_Tcl 4-136] Directive used for opt_design is: Explore
Attempting to get a license for feature 'Implementation' and/or device 'xc7z020'
INFO: [Common 17-349] Got license for feature 'Implementation' and/or device 'xc7z020'
Running DRC as a precondition to command opt_design

Starting DRC Task
INFO: [DRC 23-27] Running DRC with 2 threads
INFO: [Project 1-461] DRC finished with 0 Errors
INFO: [Project 1-462] Please refer to the DRC report (report_drc) for more information.

Time (s): cpu = 00:00:01 ; elapsed = 00:00:01 . Memory (MB): peak = 1276.125 ; gain = 0.000

Starting Logic Optimization Task
INFO: [Timing 38-35] Done setting XDC timing constraints.

Phase 1 Retarget
INFO: [Opt 31-1287] Pulled Inverter fetch/dataBus_OBUFT[0]_inst_i_2 into driver instance fetch/dataBus_OBUFT[0]_inst_i_5, which resulted in an inversion of 2 pins
INFO: [Opt 31-1287] Pulled Inverter fetch/dataBus_OBUFT[1]_inst_i_2 into driver instance fetch/dataBus_OBUFT[1]_inst_i_5, which resulted in an inversion of 2 pins
INFO: [Opt 31-1287] Pulled Inverter fetch/dataBus_OBUFT[2]_inst_i_2 into driver instance fetch/dataBus_OBUFT[2]_inst_i_5, which resulted in an inversion of 2 pins
INFO: [Opt 31-1287] Pulled Inverter fetch/dataBus_OBUFT[3]_inst_i_2 into driver instance fetch/dataBus_OBUFT[3]_inst_i_5, which resulted in an inversion of 2 pins
INFO: [Opt 31-1287] Pulled Inverter fetch/ffOut_OBUFT[3]_inst_i_2 into driver instance fetch/ffOut_OBUFT[3]_inst_i_3, which resulted in an inversion of 1 pins
INFO: [Opt 31-138] Pushed 0 inverter(s) to 0 load pin(s).
In IDDR TRANSFORM
INFO: [Opt 31-49] Retargeted 0 cell(s).
Phase 1 Retarget | Checksum: 1be9cab83

Time (s): cpu = 00:00:11 ; elapsed = 00:00:12 . Memory (MB): peak = 1781.465 ; gain = 505.340
INFO: [Opt 31-389] Phase Retarget created 0 cells and removed 5 cells

Phase 2 Constant propagation
INFO: [Opt 31-138] Pushed 0 inverter(s) to 0 load pin(s).
Phase 2 Constant propagation | Checksum: 1be9cab83

Time (s): cpu = 00:00:11 ; elapsed = 00:00:12 . Memory (MB): peak = 1781.465 ; gain = 505.340
INFO: [Opt 31-389] Phase Constant propagation created 0 cells and removed 0 cells

Phase 3 Sweep
Phase 3 Sweep | Checksum: 251f7a2be

Time (s): cpu = 00:00:12 ; elapsed = 00:00:13 . Memory (MB): peak = 1781.465 ; gain = 505.340
INFO: [Opt 31-389] Phase Sweep created 9 cells and removed 0 cells

Phase 4 BUFG optimization
Phase 4 BUFG optimization | Checksum: 251f7a2be

Time (s): cpu = 00:00:12 ; elapsed = 00:00:13 . Memory (MB): peak = 1781.465 ; gain = 505.340
INFO: [Opt 31-662] Phase BUFG optimization created 0 cells of which 0 are BUFGs and removed 0 cells.

Phase 5 Shift Register Optimization
INFO: [Opt 31-1064] SRL Remap converted 0 SRLs to 0 registers and converted 0 registers of register chains to 0 SRLs
Phase 5 Shift Register Optimization | Checksum: 251f7a2be

Time (s): cpu = 00:00:12 ; elapsed = 00:00:13 . Memory (MB): peak = 1781.465 ; gain = 505.340
INFO: [Opt 31-389] Phase Shift Register Optimization created 0 cells and removed 0 cells

Phase 6 Post Processing Netlist
Phase 6 Post Processing Netlist | Checksum: 251f7a2be

Time (s): cpu = 00:00:12 ; elapsed = 00:00:13 . Memory (MB): peak = 1781.465 ; gain = 505.340
INFO: [Opt 31-389] Phase Post Processing Netlist created 0 cells and removed 0 cells
Opt_design Change Summary
=========================


-------------------------------------------------------------------------------------------------------------------------
|  Phase                        |  #Cells created  |  #Cells Removed  |  #Constrained objects preventing optimizations  |
-------------------------------------------------------------------------------------------------------------------------
|  Retarget                     |               0  |               5  |                                              0  |
|  Constant propagation         |               0  |               0  |                                              0  |
|  Sweep                        |               9  |               0  |                                              0  |
|  BUFG optimization            |               0  |               0  |                                              0  |
|  Shift Register Optimization  |               0  |               0  |                                              0  |
|  Post Processing Netlist      |               0  |               0  |                                              0  |
-------------------------------------------------------------------------------------------------------------------------



Starting Connectivity Check Task

Time (s): cpu = 00:00:00 ; elapsed = 00:00:00.039 . Memory (MB): peak = 1781.465 ; gain = 0.000
Ending Logic Optimization Task | Checksum: 1ff48afba

Time (s): cpu = 00:00:12 ; elapsed = 00:00:14 . Memory (MB): peak = 1781.465 ; gain = 505.340

Starting Netlist Obfuscation Task
Netlist sorting complete. Time (s): cpu = 00:00:00 ; elapsed = 00:00:00.007 . Memory (MB): peak = 1781.465 ; gain = 0.000
Ending Netlist Obfuscation Task | Checksum: 1ff48afba

Time (s): cpu = 00:00:00 ; elapsed = 00:00:00.010 . Memory (MB): peak = 1781.465 ; gain = 0.000
INFO: [Common 17-83] Releasing license: Implementation
29 Infos, 1 Warnings, 0 Critical Warnings and 0 Errors encountered.
opt_design completed successfully
opt_design: Time (s): cpu = 00:00:18 ; elapsed = 00:00:18 . Memory (MB): peak = 1781.465 ; gain = 505.340
INFO: [Timing 38-480] Writing timing data to binary archive.
Writing XDEF routing.
Writing XDEF routing logical nets.
Writing XDEF routing special nets.
Write XDEF Complete: Time (s): cpu = 00:00:00 ; elapsed = 00:00:00.060 . Memory (MB): peak = 1781.465 ; gain = 0.000
INFO: [Common 17-1381] The checkpoint 'D:/Vivado/NibblerCPU_4p5mhz/NibblerCPU_4p5mhz.runs/impl_1/Nibbler_opt.dcp' has been generated.
INFO: [runtcl-4] Executing : report_drc -file Nibbler_drc_opted.rpt -pb Nibbler_drc_opted.pb -rpx Nibbler_drc_opted.rpx
Command: report_drc -file Nibbler_drc_opted.rpt -pb Nibbler_drc_opted.pb -rpx Nibbler_drc_opted.rpx
INFO: [IP_Flow 19-234] Refreshing IP repositories
INFO: [IP_Flow 19-1704] No user IP repositories specified
INFO: [IP_Flow 19-2313] Loaded Vivado IP repository 'C:/Xilinx/Vivado/2022.1/data/ip'.
INFO: [Timing 38-35] Done setting XDC timing constraints.
INFO: [DRC 23-27] Running DRC with 2 threads
INFO: [Vivado_Tcl 2-168] The results of DRC are in file D:/Vivado/NibblerCPU_4p5mhz/NibblerCPU_4p5mhz.runs/impl_1/Nibbler_drc_opted.rpt.
report_drc completed successfully
report_drc: Time (s): cpu = 00:23:16 ; elapsed = 00:13:07 . Memory (MB): peak = 1984.543 ; gain = 203.078
INFO: [runtcl-4] Executing : report_timing_summary -max_paths 10 -report_unconstrained -file Nibbler_timing_summary_opted.rpt -pb Nibbler_timing_summary_opted.pb -rpx Nibbler_timing_summary_opted.rpx
INFO: [Timing 38-91] UpdateTimingParams: Speed grade: -1, Delay Type: min_max.
INFO: [Timing 38-191] Multithreading enabled for timing update using a maximum of 2 CPUs
Command: place_design -directive RuntimeOptimized
Attempting to get a license for feature 'Implementation' and/or device 'xc7z020'
INFO: [Common 17-349] Got license for feature 'Implementation' and/or device 'xc7z020'
INFO: [DRC 23-27] Running DRC with 2 threads
INFO: [Vivado_Tcl 4-198] DRC finished with 0 Errors
INFO: [Vivado_Tcl 4-199] Please refer to the DRC report (report_drc) for more information.
Running DRC as a precondition to command place_design
INFO: [DRC 23-27] Running DRC with 2 threads
CRITICAL WARNING: [DRC LUTLP-1] Combinatorial Loop Alert: 12 LUT cells form a combinatorial loop. This can create a race condition. Timing analysis may not be accurate. The preferred resolution is to modify the design to remove combinatorial logic loops. If the loop is known and understood, this DRC can be bypassed by acknowledging the condition and setting the following XDC constraint on any one of the nets in the loop: 'set_property ALLOW_COMBINATORIAL_LOOPS TRUE [get_nets <myHier/myNet>]'. One net in the loop is a/dataOut_reg_1. Please evaluate your design. The cells in the loop are: fetch/aluResult_OBUF[0]_inst_i_1, fetch/aluResult_OBUF[0]_inst_i_2, fetch/aluResult_OBUF[0]_inst_i_3, fetch/aluResult_OBUF[0]_inst_i_4, fetch/aluResult_OBUF[0]_inst_i_6, fetch/aluResult_OBUF[0]_inst_i_7, fetch/aluResult_OBUF[0]_inst_i_8, fetch/aluResult_OBUF[0]_inst_i_9, a/aluResult_OBUF[2]_inst_i_9, fetch/dataBus_OBUFT[0]_inst_i_1, fetch/dataBus_OBUFT[0]_inst_i_3, and fetch/ffOut_OBUFT[0]_inst_i_1.
CRITICAL WARNING: [DRC LUTLP-1] Combinatorial Loop Alert: 6 LUT cells form a combinatorial loop. This can create a race condition. Timing analysis may not be accurate. The preferred resolution is to modify the design to remove combinatorial logic loops. If the loop is known and understood, this DRC can be bypassed by acknowledging the condition and setting the following XDC constraint on any one of the nets in the loop: 'set_property ALLOW_COMBINATORIAL_LOOPS TRUE [get_nets <myHier/myNet>]'. One net in the loop is fetch/aluResult_OBUF[1]. Please evaluate your design. The cells in the loop are: fetch/aluResult_OBUF[1]_inst_i_1, fetch/aluResult_OBUF[1]_inst_i_4, fetch/aluResult_OBUF[1]_inst_i_6, fetch/dataBus_OBUFT[1]_inst_i_1, fetch/dataBus_OBUFT[1]_inst_i_3, and fetch/ffOut_OBUFT[1]_inst_i_1.
CRITICAL WARNING: [DRC LUTLP-1] Combinatorial Loop Alert: 9 LUT cells form a combinatorial loop. This can create a race condition. Timing analysis may not be accurate. The preferred resolution is to modify the design to remove combinatorial logic loops. If the loop is known and understood, this DRC can be bypassed by acknowledging the condition and setting the following XDC constraint on any one of the nets in the loop: 'set_property ALLOW_COMBINATORIAL_LOOPS TRUE [get_nets <myHier/myNet>]'. One net in the loop is fetch/aluResult_OBUF[2]. Please evaluate your design. The cells in the loop are: fetch/aluResult_OBUF[2]_inst_i_1, fetch/aluResult_OBUF[2]_inst_i_2, fetch/aluResult_OBUF[2]_inst_i_3, fetch/aluResult_OBUF[2]_inst_i_4, fetch/aluResult_OBUF[2]_inst_i_7, fetch/aluResult_OBUF[2]_inst_i_8, fetch/dataBus_OBUFT[2]_inst_i_1, fetch/dataBus_OBUFT[2]_inst_i_3, and fetch/ffOut_OBUFT[2]_inst_i_1.
CRITICAL WARNING: [DRC LUTLP-1] Combinatorial Loop Alert: 9 LUT cells form a combinatorial loop. This can create a race condition. Timing analysis may not be accurate. The preferred resolution is to modify the design to remove combinatorial logic loops. If the loop is known and understood, this DRC can be bypassed by acknowledging the condition and setting the following XDC constraint on any one of the nets in the loop: 'set_property ALLOW_COMBINATORIAL_LOOPS TRUE [get_nets <myHier/myNet>]'. One net in the loop is fetch/aluResult_OBUF[3]. Please evaluate your design. The cells in the loop are: fetch/aluResult_OBUF[3]_inst_i_1, fetch/aluResult_OBUF[3]_inst_i_2, fetch/aluResult_OBUF[3]_inst_i_3, fetch/aluResult_OBUF[3]_inst_i_4, fetch/aluResult_OBUF[3]_inst_i_7, fetch/aluResult_OBUF[3]_inst_i_8, fetch/dataBus_OBUFT[3]_inst_i_1, fetch/dataBus_OBUFT[3]_inst_i_3, and fetch/ffOut_OBUFT[3]_inst_i_1.
INFO: [Vivado_Tcl 4-198] DRC finished with 0 Errors, 4 Critical Warnings
INFO: [Vivado_Tcl 4-199] Please refer to the DRC report (report_drc) for more information.

Starting Placer Task
INFO: [Place 46-5] The placer was invoked with the 'RuntimeOptimized' directive.
INFO: [Place 30-611] Multithreading enabled for place_design using a maximum of 2 CPUs

Phase 1 Placer Initialization

Phase 1.1 Placer Initialization Netlist Sorting
Netlist sorting complete. Time (s): cpu = 00:00:00 ; elapsed = 00:00:00.008 . Memory (MB): peak = 2009.117 ; gain = 0.000
Phase 1.1 Placer Initialization Netlist Sorting | Checksum: 1a91efe6b

Time (s): cpu = 00:00:00 ; elapsed = 00:00:00.035 . Memory (MB): peak = 2009.117 ; gain = 0.000
Netlist sorting complete. Time (s): cpu = 00:00:00 ; elapsed = 00:00:00.008 . Memory (MB): peak = 2009.117 ; gain = 0.000

Phase 1.2 IO Placement/ Clock Placement/ Build Placer Device
Phase 1.2 IO Placement/ Clock Placement/ Build Placer Device | Checksum: 13c59c871

Time (s): cpu = 00:00:03 ; elapsed = 00:00:03 . Memory (MB): peak = 2009.117 ; gain = 0.000

Phase 1.3 Build Placer Netlist Model
Phase 1.3 Build Placer Netlist Model | Checksum: 19a0b5cbd

Time (s): cpu = 00:01:37 ; elapsed = 00:01:04 . Memory (MB): peak = 2009.117 ; gain = 0.000

Phase 1.4 Constrain Clocks/Macros
Phase 1.4 Constrain Clocks/Macros | Checksum: 19a0b5cbd

Time (s): cpu = 00:01:37 ; elapsed = 00:01:04 . Memory (MB): peak = 2009.117 ; gain = 0.000
Phase 1 Placer Initialization | Checksum: 19a0b5cbd

Time (s): cpu = 00:01:37 ; elapsed = 00:01:04 . Memory (MB): peak = 2009.117 ; gain = 0.000

Phase 2 Global Placement

Phase 2.1 Floorplanning
Phase 2.1 Floorplanning | Checksum: 194fd74fb

Time (s): cpu = 00:01:41 ; elapsed = 00:01:08 . Memory (MB): peak = 2009.117 ; gain = 0.000

Phase 2.2 Update Timing before SLR Path Opt
Phase 2.2 Update Timing before SLR Path Opt | Checksum: 167e601c5

Time (s): cpu = 00:01:46 ; elapsed = 00:01:12 . Memory (MB): peak = 2009.117 ; gain = 0.000

Phase 2.3 Post-Processing in Floorplanning
Phase 2.3 Post-Processing in Floorplanning | Checksum: 167e601c5

Time (s): cpu = 00:01:46 ; elapsed = 00:01:12 . Memory (MB): peak = 2009.117 ; gain = 0.000

Phase 2.4 Global Placement Core
Phase 2.4 Global Placement Core | Checksum: 1ecbb396c

Time (s): cpu = 00:01:56 ; elapsed = 00:01:22 . Memory (MB): peak = 2009.117 ; gain = 0.000
Phase 2 Global Placement | Checksum: 1ecbb396c

Time (s): cpu = 00:01:56 ; elapsed = 00:01:22 . Memory (MB): peak = 2009.117 ; gain = 0.000

Phase 3 Detail Placement

Phase 3.1 Commit Multi Column Macros
Phase 3.1 Commit Multi Column Macros | Checksum: 18f51e2e7

Time (s): cpu = 00:02:01 ; elapsed = 00:01:27 . Memory (MB): peak = 2009.117 ; gain = 0.000

Phase 3.2 Commit Most Macros & LUTRAMs
Phase 3.2 Commit Most Macros & LUTRAMs | Checksum: 10037e9b2

Time (s): cpu = 00:02:06 ; elapsed = 00:01:31 . Memory (MB): peak = 2009.117 ; gain = 0.000

Phase 3.3 Area Swap Optimization
Phase 3.3 Area Swap Optimization | Checksum: 169e5ef6d

Time (s): cpu = 00:02:07 ; elapsed = 00:01:32 . Memory (MB): peak = 2009.117 ; gain = 0.000

Phase 3.4 Pipeline Register Optimization
Phase 3.4 Pipeline Register Optimization | Checksum: 169e5ef6d

Time (s): cpu = 00:02:07 ; elapsed = 00:01:32 . Memory (MB): peak = 2009.117 ; gain = 0.000

Phase 3.5 Small Shape Detail Placement
Phase 3.5 Small Shape Detail Placement | Checksum: 1c230e84a

Time (s): cpu = 00:02:14 ; elapsed = 00:01:41 . Memory (MB): peak = 2009.117 ; gain = 0.000

Phase 3.6 Re-assign LUT pins
Phase 3.6 Re-assign LUT pins | Checksum: e08ba6ee

Time (s): cpu = 00:02:15 ; elapsed = 00:01:42 . Memory (MB): peak = 2009.117 ; gain = 0.000

Phase 3.7 Pipeline Register Optimization
Phase 3.7 Pipeline Register Optimization | Checksum: e08ba6ee

Time (s): cpu = 00:02:15 ; elapsed = 00:01:43 . Memory (MB): peak = 2009.117 ; gain = 0.000
Phase 3 Detail Placement | Checksum: e08ba6ee

Time (s): cpu = 00:02:15 ; elapsed = 00:01:43 . Memory (MB): peak = 2009.117 ; gain = 0.000

Phase 4 Post Placement Optimization and Clean-Up

Phase 4.1 Post Commit Optimization
INFO: [Timing 38-35] Done setting XDC timing constraints.

Phase 4.1.1 Post Placement Optimization
Post Placement Optimization Initialization | Checksum: 1aa69efb1

Phase 4.1.1.1 BUFG Insertion

Starting Physical Synthesis Task

Phase 1 Physical Synthesis Initialization
INFO: [Physopt 32-721] Multithreading enabled for phys_opt_design using a maximum of 2 CPUs
INFO: [Physopt 32-619] Estimated Timing Summary | WNS=-12.279 | TNS=-81118.858 |
Phase 1 Physical Synthesis Initialization | Checksum: 1f3c3c4df

Time (s): cpu = 00:00:37 ; elapsed = 00:00:24 . Memory (MB): peak = 2009.117 ; gain = 0.000
INFO: [Place 46-56] BUFG insertion identified 0 candidate nets. Inserted BUFG: 0, Replicated BUFG Driver: 0, Skipped due to Placement/Routing Conflicts: 0, Skipped due to Timing Degradation: 0, Skipped due to Illegal Netlist: 0.
Ending Physical Synthesis Task | Checksum: 15421a56b

Time (s): cpu = 00:00:38 ; elapsed = 00:00:24 . Memory (MB): peak = 2009.117 ; gain = 0.000
Phase 4.1.1.1 BUFG Insertion | Checksum: 1aa69efb1

Time (s): cpu = 00:03:21 ; elapsed = 00:02:28 . Memory (MB): peak = 2009.117 ; gain = 0.000

Phase 4.1.1.2 Post Placement Timing Optimization
INFO: [Place 30-746] Post Placement Timing Summary WNS=-10.353. For the most accurate timing information please run report_timing.
Phase 4.1.1.2 Post Placement Timing Optimization | Checksum: 1c03a3cc0

Time (s): cpu = 00:03:29 ; elapsed = 00:02:37 . Memory (MB): peak = 2009.117 ; gain = 0.000

Time (s): cpu = 00:03:29 ; elapsed = 00:02:37 . Memory (MB): peak = 2009.117 ; gain = 0.000
Phase 4.1 Post Commit Optimization | Checksum: 1c03a3cc0

Time (s): cpu = 00:03:29 ; elapsed = 00:02:37 . Memory (MB): peak = 2009.117 ; gain = 0.000

Phase 4.2 Post Placement Cleanup
Phase 4.2 Post Placement Cleanup | Checksum: 1c03a3cc0

Time (s): cpu = 00:03:30 ; elapsed = 00:02:37 . Memory (MB): peak = 2009.117 ; gain = 0.000

Phase 4.3 Placer Reporting

Phase 4.3.1 Print Estimated Congestion
INFO: [Place 30-612] Post-Placement Estimated Congestion 
 ____________________________________________________
|           | Global Congestion | Short Congestion  |
| Direction | Region Size       | Region Size       |
|___________|___________________|___________________|
|      North|                1x1|                1x1|
|___________|___________________|___________________|
|      South|                1x1|                1x1|
|___________|___________________|___________________|
|       East|                1x1|                1x1|
|___________|___________________|___________________|
|       West|                1x1|                1x1|
|___________|___________________|___________________|

Phase 4.3.1 Print Estimated Congestion | Checksum: 1c03a3cc0

Time (s): cpu = 00:03:30 ; elapsed = 00:02:38 . Memory (MB): peak = 2009.117 ; gain = 0.000
Phase 4.3 Placer Reporting | Checksum: 1c03a3cc0

Time (s): cpu = 00:03:30 ; elapsed = 00:02:38 . Memory (MB): peak = 2009.117 ; gain = 0.000

Phase 4.4 Final Placement Cleanup
Netlist sorting complete. Time (s): cpu = 00:00:00 ; elapsed = 00:00:00.006 . Memory (MB): peak = 2009.117 ; gain = 0.000

Time (s): cpu = 00:03:30 ; elapsed = 00:02:38 . Memory (MB): peak = 2009.117 ; gain = 0.000
Phase 4 Post Placement Optimization and Clean-Up | Checksum: 1613a065f

Time (s): cpu = 00:03:30 ; elapsed = 00:02:38 . Memory (MB): peak = 2009.117 ; gain = 0.000
Ending Placer Task | Checksum: b922c500

Time (s): cpu = 00:03:30 ; elapsed = 00:02:38 . Memory (MB): peak = 2009.117 ; gain = 0.000
INFO: [Common 17-83] Releasing license: Implementation
57 Infos, 1 Warnings, 4 Critical Warnings and 0 Errors encountered.
place_design completed successfully
place_design: Time (s): cpu = 00:03:32 ; elapsed = 00:02:39 . Memory (MB): peak = 2009.117 ; gain = 24.574
INFO: [Timing 38-480] Writing timing data to binary archive.
Writing XDEF routing.
Writing XDEF routing logical nets.
Writing XDEF routing special nets.
Write XDEF Complete: Time (s): cpu = 00:00:05 ; elapsed = 00:00:02 . Memory (MB): peak = 2009.117 ; gain = 0.000
INFO: [Common 17-1381] The checkpoint 'D:/Vivado/NibblerCPU_4p5mhz/NibblerCPU_4p5mhz.runs/impl_1/Nibbler_placed.dcp' has been generated.
write_checkpoint: Time (s): cpu = 00:00:07 ; elapsed = 00:00:05 . Memory (MB): peak = 2009.117 ; gain = 0.000
INFO: [runtcl-4] Executing : report_io -file Nibbler_io_placed.rpt
report_io: Time (s): cpu = 00:00:00 ; elapsed = 00:00:00.101 . Memory (MB): peak = 2009.117 ; gain = 0.000
INFO: [runtcl-4] Executing : report_utilization -file Nibbler_utilization_placed.rpt -pb Nibbler_utilization_placed.pb
INFO: [runtcl-4] Executing : report_control_sets -verbose -file Nibbler_control_sets_placed.rpt
report_control_sets: Time (s): cpu = 00:00:00 ; elapsed = 00:00:00.255 . Memory (MB): peak = 2009.117 ; gain = 0.000
Command: phys_opt_design -directive RuntimeOptimized
Attempting to get a license for feature 'Implementation' and/or device 'xc7z020'
INFO: [Common 17-349] Got license for feature 'Implementation' and/or device 'xc7z020'
INFO: [Vivado_Tcl 4-137] Directive used for phys_opt_design is: RuntimeOptimized
INFO: [Vivado_Tcl 4-1435] PhysOpt_Tcl_Interface Runtime Before Starting Physical Synthesis Task | CPU: 525.00s |  WALL: 300.49s
Netlist sorting complete. Time (s): cpu = 00:00:00 ; elapsed = 00:00:00.007 . Memory (MB): peak = 2033.047 ; gain = 0.000

Starting Physical Synthesis Task

Phase 1 Physical Synthesis Initialization
INFO: [Physopt 32-721] Multithreading enabled for phys_opt_design using a maximum of 2 CPUs
INFO: [Physopt 32-619] Estimated Timing Summary | WNS=-10.369 | TNS=-79534.038 |
Phase 1 Physical Synthesis Initialization | Checksum: 1854b73b8

Time (s): cpu = 00:00:39 ; elapsed = 00:00:25 . Memory (MB): peak = 2039.012 ; gain = 5.965
INFO: [Physopt 32-619] Estimated Timing Summary | WNS=-10.369 | TNS=-79534.038 |

Phase 2 Fanout Optimization
INFO: [Physopt 32-76] Pass 1. Identified 4 candidate nets for fanout optimization.
INFO: [Physopt 32-572] Net fetch/ffOut_OBUF[0] was not replicated.
Resolution: phys_opt_design can be forced to replicate a net driver using the option -force_replication_on_nets <list of net objects>.
INFO: [Physopt 32-81] Processed net fetch/ffOut_OBUF[1]. Replicated 2 times.
INFO: [Physopt 32-81] Processed net fetch/ffOut_OBUF[2]. Replicated 1 times.
INFO: [Physopt 32-81] Processed net fetch/ffOut_OBUF[3]. Replicated 1 times.
INFO: [Physopt 32-76] Pass 2. Identified 3 candidate nets for fanout optimization.
INFO: [Physopt 32-572] Net fetch/ffOut_OBUF[1]_repN was not replicated.
Resolution: phys_opt_design can be forced to replicate a net driver using the option -force_replication_on_nets <list of net objects>.
INFO: [Physopt 32-81] Processed net fetch/ffOut_OBUF[3]_repN. Replicated 1 times.
INFO: [Physopt 32-572] Net fetch/ffOut_OBUF[1]_repN_1 was not replicated.
Resolution: phys_opt_design can be forced to replicate a net driver using the option -force_replication_on_nets <list of net objects>.
INFO: [Physopt 32-76] Pass 3. Identified 1 candidate net for fanout optimization.
INFO: [Physopt 32-572] Net fetch/ffOut_OBUF[3] was not replicated.
Resolution: phys_opt_design can be forced to replicate a net driver using the option -force_replication_on_nets <list of net objects>.
INFO: [Physopt 32-232] Optimized 4 nets. Created 0 new instance.
INFO: [Physopt 32-775] End 4 Pass. Optimized 4 nets or cells. Created 0 new cell, deleted 0 existing cell and moved 0 existing cell
INFO: [Physopt 32-619] Estimated Timing Summary | WNS=-10.369 | TNS=-81093.211 |
Netlist sorting complete. Time (s): cpu = 00:00:00 ; elapsed = 00:00:00.170 . Memory (MB): peak = 2042.938 ; gain = 0.000
Phase 2 Fanout Optimization | Checksum: 1bc5a350b

Time (s): cpu = 00:01:11 ; elapsed = 00:00:57 . Memory (MB): peak = 2042.938 ; gain = 9.891

Phase 3 Critical Cell Optimization
INFO: [Physopt 32-46] Identified 15 candidate nets for critical-cell optimization.
INFO: [Physopt 32-601] Processed net a/dataOut_reg_1. Net driver a/aluResult_OBUF[2]_inst_i_9 was replaced.
INFO: [Physopt 32-572] Net fetch/aluResult_OBUF[0] was not replicated.
Resolution: phys_opt_design can be forced to replicate a net driver using the option -force_replication_on_nets <list of net objects>.
INFO: [Physopt 32-572] Net fetch/dataBus_OBUF[0] was not replicated.
Resolution: phys_opt_design can be forced to replicate a net driver using the option -force_replication_on_nets <list of net objects>.
INFO: [Physopt 32-572] Net a/dataOut_reg_2 was not replicated.
Resolution: phys_opt_design can be forced to replicate a net driver using the option -force_replication_on_nets <list of net objects>.
INFO: [Physopt 32-81] Processed net fetch/aluResult_OBUF[3]_inst_i_6_n_0. Replicated 1 times.
INFO: [Physopt 32-572] Net fetch/aluResult_OBUF[3] was not replicated.
Resolution: phys_opt_design can be forced to replicate a net driver using the option -force_replication_on_nets <list of net objects>.
INFO: [Physopt 32-81] Processed net fetch/dataBus_OBUF[1]. Replicated 3 times.
INFO: [Physopt 32-572] Net fetch/aluResult_OBUF[0]_inst_i_8_n_0 was not replicated.
Resolution: phys_opt_design can be forced to replicate a net driver using the option -force_replication_on_nets <list of net objects>.
INFO: [Physopt 32-572] Net fetch/aluResult_OBUF[1] was not replicated.
Resolution: phys_opt_design can be forced to replicate a net driver using the option -force_replication_on_nets <list of net objects>.
INFO: [Physopt 32-601] Processed net fetch/ffOut_OBUF[2]_repN. Net driver fetch/ffOut_OBUFT[2]_inst_i_1_replica was replaced.
INFO: [Physopt 32-572] Net fetch/dataBus_OBUF[2] was not replicated.
Resolution: phys_opt_design can be forced to replicate a net driver using the option -force_replication_on_nets <list of net objects>.
INFO: [Physopt 32-572] Net fetch/aluResult_OBUF[2] was not replicated.
Resolution: phys_opt_design can be forced to replicate a net driver using the option -force_replication_on_nets <list of net objects>.
INFO: [Physopt 32-81] Processed net fetch/ffOut_OBUF[3]_repN_1. Replicated 1 times.
INFO: [Physopt 32-572] Net fetch/dataBus_OBUF[3] was not replicated.
Resolution: phys_opt_design can be forced to replicate a net driver using the option -force_replication_on_nets <list of net objects>.
INFO: [Physopt 32-232] Optimized 5 nets. Created 5 new instances.
INFO: [Physopt 32-775] End 1 Pass. Optimized 5 nets or cells. Created 5 new cells, deleted 0 existing cell and moved 0 existing cell
INFO: [Physopt 32-619] Estimated Timing Summary | WNS=-10.225 | TNS=-80026.643 |
Netlist sorting complete. Time (s): cpu = 00:00:00 ; elapsed = 00:00:00.013 . Memory (MB): peak = 2042.938 ; gain = 0.000
Phase 3 Critical Cell Optimization | Checksum: 1c21a76f6

Time (s): cpu = 00:01:32 ; elapsed = 00:01:13 . Memory (MB): peak = 2042.938 ; gain = 9.891

Phase 4 Single Cell Placement Optimization
INFO: [Physopt 32-660] Identified 100 candidate nets for placement-based optimization.
INFO: [Physopt 32-662] Processed net fetch/ffOut_OBUF[0].  Did not re-place instance fetch/ffOut_OBUFT[0]_inst_i_1
INFO: [Physopt 32-663] Processed net a/dataOut_reg_1.  Re-placed instance a/aluResult_OBUF[2]_inst_i_9
INFO: [Physopt 32-662] Processed net fetch/aluResult_OBUF[0].  Did not re-place instance fetch/aluResult_OBUF[0]_inst_i_1
INFO: [Physopt 32-662] Processed net fetch/notReset.  Did not re-place instance fetch/flagsOut_i_1
INFO: [Physopt 32-662] Processed net fetch/dataBus_OBUF[0].  Did not re-place instance fetch/dataBus_OBUFT[0]_inst_i_1
INFO: [Physopt 32-663] Processed net fetch/aluResult_OBUF[0]_inst_i_6_n_0.  Re-placed instance fetch/aluResult_OBUF[0]_inst_i_6
INFO: [Physopt 32-662] Processed net fetch/dataBus_OBUFT[0]_inst_i_3_n_0.  Did not re-place instance fetch/dataBus_OBUFT[0]_inst_i_3
INFO: [Physopt 32-662] Processed net flagsModule/flags_OBUF[0].  Did not re-place instance flagsModule/flagsOut_reg
INFO: [Physopt 32-662] Processed net flagsModule/flagsOut_reg_lopt_replica_1.  Did not re-place instance flagsModule/flagsOut_reg_lopt_replica
INFO: [Physopt 32-663] Processed net a/dataOut_reg_2.  Re-placed instance a/aluResult_OBUF[2]_inst_i_6
INFO: [Physopt 32-662] Processed net fetch/aluResult_OBUF[3].  Did not re-place instance fetch/aluResult_OBUF[3]_inst_i_1
INFO: [Physopt 32-662] Processed net fetch/aluResult_OBUF[3]_inst_i_4_n_0.  Did not re-place instance fetch/aluResult_OBUF[3]_inst_i_4
INFO: [Physopt 32-662] Processed net fetch/aluResult_OBUF[3]_inst_i_6_n_0_repN.  Did not re-place instance fetch/aluResult_OBUF[3]_inst_i_6_replica
INFO: [Physopt 32-663] Processed net fetch/aluResult_OBUF[0]_inst_i_2_n_0.  Re-placed instance fetch/aluResult_OBUF[0]_inst_i_2
INFO: [Physopt 32-662] Processed net fetch/aluResult_OBUF[0]_inst_i_8_n_0.  Did not re-place instance fetch/aluResult_OBUF[0]_inst_i_8
INFO: [Physopt 32-663] Processed net fetch/aluResult_OBUF[0]_inst_i_3_n_0.  Re-placed instance fetch/aluResult_OBUF[0]_inst_i_3
INFO: [Physopt 32-663] Processed net fetch/aluResult_OBUF[3]_inst_i_6_n_0.  Re-placed instance fetch/aluResult_OBUF[3]_inst_i_6
INFO: [Physopt 32-663] Processed net fetch/ffOut_OBUF[1]_repN.  Re-placed instance fetch/ffOut_OBUFT[1]_inst_i_1_replica
INFO: [Physopt 32-663] Processed net fetch/dataBus_OBUFT[1]_inst_i_3_n_0.  Re-placed instance fetch/dataBus_OBUFT[1]_inst_i_3
INFO: [Physopt 32-662] Processed net fetch/dataBus_OBUF[1]_repN.  Did not re-place instance fetch/dataBus_OBUFT[1]_inst_i_1_replica
INFO: [Physopt 32-662] Processed net ram/outputData_reg[2]_i_1148_n_0.  Did not re-place instance ram/outputData_reg[2]_i_1148
INFO: [Physopt 32-662] Processed net ram/outputData_reg[2]_i_5_n_0.  Did not re-place instance ram/outputData_reg[2]_i_5
INFO: [Physopt 32-662] Processed net ram/outputData_reg[2]_i_72_n_0.  Did not re-place instance ram/outputData_reg[2]_i_72
INFO: [Physopt 32-662] Processed net fetch/ffOut_OBUF[2]_repN.  Did not re-place instance fetch/ffOut_OBUFT[2]_inst_i_1_replica
INFO: [Physopt 32-662] Processed net fetch/dataBus_OBUF[2].  Did not re-place instance fetch/dataBus_OBUFT[2]_inst_i_1
INFO: [Physopt 32-662] Processed net fetch/aluResult_OBUF[2].  Did not re-place instance fetch/aluResult_OBUF[2]_inst_i_1
INFO: [Physopt 32-662] Processed net fetch/aluResult_OBUF[2]_inst_i_4_n_0.  Did not re-place instance fetch/aluResult_OBUF[2]_inst_i_4
INFO: [Physopt 32-663] Processed net fetch/aluResult_OBUF[2]_inst_i_8_n_0.  Re-placed instance fetch/aluResult_OBUF[2]_inst_i_8
INFO: [Physopt 32-663] Processed net fetch/dataBus_OBUFT[2]_inst_i_3_n_0.  Re-placed instance fetch/dataBus_OBUFT[2]_inst_i_3
INFO: [Physopt 32-662] Processed net ram/outputData_reg[1]_i_1133_n_0.  Did not re-place instance ram/outputData_reg[1]_i_1133
INFO: [Physopt 32-662] Processed net ram/outputData_reg[1]_i_4_n_0.  Did not re-place instance ram/outputData_reg[1]_i_4
INFO: [Physopt 32-662] Processed net ram/outputData_reg[1]_i_71_n_0.  Did not re-place instance ram/outputData_reg[1]_i_71
INFO: [Physopt 32-662] Processed net fetch/aluResult_OBUF[0]_inst_i_4_n_0.  Did not re-place instance fetch/aluResult_OBUF[0]_inst_i_4
INFO: [Physopt 32-662] Processed net fetch/dataOut_reg.  Did not re-place instance fetch/dataOut_i_1
INFO: [Physopt 32-662] Processed net a/aPort_OBUF[0].  Did not re-place instance a/dataOut_reg
INFO: [Physopt 32-662] Processed net ram/outputData_reg[0]_i_1460_n_0.  Did not re-place instance ram/outputData_reg[0]_i_1460
INFO: [Physopt 32-662] Processed net ram/outputData_reg[0]_i_6_n_0.  Did not re-place instance ram/outputData_reg[0]_i_6
INFO: [Physopt 32-662] Processed net ram/outputData_reg[0]_i_91_n_0.  Did not re-place instance ram/outputData_reg[0]_i_91
INFO: [Physopt 32-662] Processed net ram/outputData_reg[0]_i_1459_n_0.  Did not re-place instance ram/outputData_reg[0]_i_1459
INFO: [Physopt 32-662] Processed net ram/outputData_reg[2]_i_1131_n_0.  Did not re-place instance ram/outputData_reg[2]_i_1131
INFO: [Physopt 32-662] Processed net ram/outputData_reg[2]_i_4_n_0.  Did not re-place instance ram/outputData_reg[2]_i_4
INFO: [Physopt 32-662] Processed net ram/outputData_reg[2]_i_71_n_0.  Did not re-place instance ram/outputData_reg[2]_i_71
INFO: [Physopt 32-662] Processed net fetch/aluResult_OBUF[0]_inst_i_7_n_0.  Did not re-place instance fetch/aluResult_OBUF[0]_inst_i_7
INFO: [Physopt 32-662] Processed net ram/outputData_reg[0]_i_1129_n_0.  Did not re-place instance ram/outputData_reg[0]_i_1129
INFO: [Physopt 32-662] Processed net ram/outputData_reg[0]_i_4_n_0.  Did not re-place instance ram/outputData_reg[0]_i_4
INFO: [Physopt 32-662] Processed net ram/outputData_reg[0]_i_71_n_0.  Did not re-place instance ram/outputData_reg[0]_i_71
INFO: [Physopt 32-662] Processed net fetch/aluResult_OBUF[1].  Did not re-place instance fetch/aluResult_OBUF[1]_inst_i_1
INFO: [Physopt 32-663] Processed net fetch/aluResult_OBUF[1]_inst_i_2_n_0.  Re-placed instance fetch/aluResult_OBUF[1]_inst_i_2
INFO: [Physopt 32-663] Processed net fetch/aluResult_OBUF[2]_inst_i_5_n_0.  Re-placed instance fetch/aluResult_OBUF[2]_inst_i_5
INFO: [Physopt 32-662] Processed net ram/outputData_reg[2]_i_1149_n_0.  Did not re-place instance ram/outputData_reg[2]_i_1149
INFO: [Physopt 32-662] Processed net ram/outputData_reg[0]_i_1458_n_0.  Did not re-place instance ram/outputData_reg[0]_i_1458
INFO: [Physopt 32-662] Processed net ram/outputData_reg[3]_i_1135_n_0.  Did not re-place instance ram/outputData_reg[3]_i_1135
INFO: [Physopt 32-662] Processed net ram/outputData_reg[3]_i_5_n_0.  Did not re-place instance ram/outputData_reg[3]_i_5
INFO: [Physopt 32-662] Processed net ram/outputData_reg[3]_i_72_n_0.  Did not re-place instance ram/outputData_reg[3]_i_72
INFO: [Physopt 32-662] Processed net ram/outputData_reg[3]_i_1152_n_0.  Did not re-place instance ram/outputData_reg[3]_i_1152
INFO: [Physopt 32-662] Processed net ram/outputData_reg[3]_i_6_n_0.  Did not re-place instance ram/outputData_reg[3]_i_6
INFO: [Physopt 32-662] Processed net ram/outputData_reg[3]_i_73_n_0.  Did not re-place instance ram/outputData_reg[3]_i_73
INFO: [Physopt 32-662] Processed net ram/outputData_reg[3]_i_1465_n_0.  Did not re-place instance ram/outputData_reg[3]_i_1465
INFO: [Physopt 32-662] Processed net ram/outputData_reg[3]_i_7_n_0.  Did not re-place instance ram/outputData_reg[3]_i_7
INFO: [Physopt 32-662] Processed net ram/outputData_reg[3]_i_92_n_0.  Did not re-place instance ram/outputData_reg[3]_i_92
INFO: [Physopt 32-662] Processed net ram/outputData_reg[2]_i_1147_n_0.  Did not re-place instance ram/outputData_reg[2]_i_1147
INFO: [Physopt 32-663] Processed net fetch/aluResult_OBUF[1]_inst_i_4_n_0.  Re-placed instance fetch/aluResult_OBUF[1]_inst_i_4
INFO: [Physopt 32-662] Processed net ram/outputData_reg[3]_i_1142_n_0.  Did not re-place instance ram/outputData_reg[3]_i_1142
INFO: [Physopt 32-662] Processed net ram/outputData_reg[0]_i_1403_n_0.  Did not re-place instance ram/outputData_reg[0]_i_1403
INFO: [Physopt 32-662] Processed net ram/outputData_reg[0]_i_88_n_0.  Did not re-place instance ram/outputData_reg[0]_i_88
INFO: [Physopt 32-662] Processed net ram/outputData_reg[0]_i_1464_n_0.  Did not re-place instance ram/outputData_reg[0]_i_1464
INFO: [Physopt 32-662] Processed net ram/outputData_reg[0]_i_1457_n_0.  Did not re-place instance ram/outputData_reg[0]_i_1457
INFO: [Physopt 32-662] Processed net ram/outputData_reg[2]_i_1150_n_0.  Did not re-place instance ram/outputData_reg[2]_i_1150
INFO: [Physopt 32-662] Processed net ram/outputData_reg[1]_i_1465_n_0.  Did not re-place instance ram/outputData_reg[1]_i_1465
INFO: [Physopt 32-662] Processed net ram/outputData_reg[1]_i_6_n_0.  Did not re-place instance ram/outputData_reg[1]_i_6
INFO: [Physopt 32-662] Processed net ram/outputData_reg[1]_i_91_n_0.  Did not re-place instance ram/outputData_reg[1]_i_91
INFO: [Physopt 32-662] Processed net ram/outputData_reg[0]_i_1401_n_0.  Did not re-place instance ram/outputData_reg[0]_i_1401
INFO: [Physopt 32-662] Processed net ram/outputData_reg[0]_i_1462_n_0.  Did not re-place instance ram/outputData_reg[0]_i_1462
INFO: [Physopt 32-662] Processed net ram/outputData_reg[2]_i_1197_n_0.  Did not re-place instance ram/outputData_reg[2]_i_1197
INFO: [Physopt 32-662] Processed net ram/outputData_reg[2]_i_75_n_0.  Did not re-place instance ram/outputData_reg[2]_i_75
INFO: [Physopt 32-662] Processed net ram/outputData_reg[2]_i_1463_n_0.  Did not re-place instance ram/outputData_reg[2]_i_1463
INFO: [Physopt 32-662] Processed net ram/outputData_reg[2]_i_6_n_0.  Did not re-place instance ram/outputData_reg[2]_i_6
INFO: [Physopt 32-662] Processed net ram/outputData_reg[2]_i_91_n_0.  Did not re-place instance ram/outputData_reg[2]_i_91
INFO: [Physopt 32-662] Processed net ram/outputData_reg[2]_i_1462_n_0.  Did not re-place instance ram/outputData_reg[2]_i_1462
INFO: [Physopt 32-662] Processed net ram/outputData_reg[0]_i_1136_n_0.  Did not re-place instance ram/outputData_reg[0]_i_1136
INFO: [Physopt 32-662] Processed net ram/outputData_reg[0]_i_1148_n_0.  Did not re-place instance ram/outputData_reg[0]_i_1148
INFO: [Physopt 32-662] Processed net ram/outputData_reg[0]_i_5_n_0.  Did not re-place instance ram/outputData_reg[0]_i_5
INFO: [Physopt 32-662] Processed net ram/outputData_reg[0]_i_72_n_0.  Did not re-place instance ram/outputData_reg[0]_i_72
INFO: [Physopt 32-663] Processed net fetch/aluResult_OBUF[2]_inst_i_3_n_0.  Re-placed instance fetch/aluResult_OBUF[2]_inst_i_3
INFO: [Physopt 32-662] Processed net ram/outputData_reg[3]_i_1466_n_0.  Did not re-place instance ram/outputData_reg[3]_i_1466
INFO: [Physopt 32-662] Processed net ram/outputData_reg[1]_i_1464_n_0.  Did not re-place instance ram/outputData_reg[1]_i_1464
INFO: [Physopt 32-662] Processed net ram/outputData_reg[1]_i_1151_n_0.  Did not re-place instance ram/outputData_reg[1]_i_1151
INFO: [Physopt 32-662] Processed net ram/outputData_reg[1]_i_5_n_0.  Did not re-place instance ram/outputData_reg[1]_i_5
INFO: [Physopt 32-662] Processed net ram/outputData_reg[1]_i_72_n_0.  Did not re-place instance ram/outputData_reg[1]_i_72
INFO: [Physopt 32-662] Processed net ram/outputData_reg[2]_i_1461_n_0.  Did not re-place instance ram/outputData_reg[2]_i_1461
INFO: [Physopt 32-662] Processed net ram/outputData_reg[3]_i_1467_n_0.  Did not re-place instance ram/outputData_reg[3]_i_1467
INFO: [Physopt 32-662] Processed net ram/outputData_reg[3]_i_1464_n_0.  Did not re-place instance ram/outputData_reg[3]_i_1464
INFO: [Physopt 32-662] Processed net ram/outputData_reg[1]_i_1463_n_0.  Did not re-place instance ram/outputData_reg[1]_i_1463
INFO: [Physopt 32-662] Processed net ram/outputData_reg[3]_i_1461_n_0.  Did not re-place instance ram/outputData_reg[3]_i_1461
INFO: [Physopt 32-662] Processed net ram/outputData_reg[1]_i_1470_n_0.  Did not re-place instance ram/outputData_reg[1]_i_1470
INFO: [Physopt 32-662] Processed net fetch/aluResult_OBUF[3]_inst_i_5_n_0.  Did not re-place instance fetch/aluResult_OBUF[3]_inst_i_5
INFO: [Physopt 32-662] Processed net fetch/aluResult_OBUF[2]_inst_i_2_n_0.  Did not re-place instance fetch/aluResult_OBUF[2]_inst_i_2
INFO: [Physopt 32-662] Processed net ram/outputData_reg[3]_i_1468_n_0.  Did not re-place instance ram/outputData_reg[3]_i_1468
INFO: [Physopt 32-662] Processed net ram/outputData_reg[0]_i_1195_n_0.  Did not re-place instance ram/outputData_reg[0]_i_1195
INFO: [Physopt 32-662] Processed net ram/outputData_reg[0]_i_75_n_0.  Did not re-place instance ram/outputData_reg[0]_i_75
INFO: [Physopt 32-661] Optimized 14 nets.  Re-placed 14 instances.
INFO: [Physopt 32-775] End 1 Pass. Optimized 14 nets or cells. Created 0 new cell, deleted 0 existing cell and moved 14 existing cells
INFO: [Physopt 32-619] Estimated Timing Summary | WNS=-10.147 | TNS=-79660.706 |
Netlist sorting complete. Time (s): cpu = 00:00:00 ; elapsed = 00:00:00.014 . Memory (MB): peak = 2042.938 ; gain = 0.000
Phase 4 Single Cell Placement Optimization | Checksum: 17d919c4a

Time (s): cpu = 00:01:44 ; elapsed = 00:01:23 . Memory (MB): peak = 2042.938 ; gain = 9.891

Phase 5 BRAM Enable Optimization
Phase 5 BRAM Enable Optimization | Checksum: 17d919c4a

Time (s): cpu = 00:01:44 ; elapsed = 00:01:23 . Memory (MB): peak = 2042.938 ; gain = 9.891
Netlist sorting complete. Time (s): cpu = 00:00:00 ; elapsed = 00:00:00.008 . Memory (MB): peak = 2042.938 ; gain = 0.000
INFO: [Physopt 32-603] Post Physical Optimization Timing Summary | WNS=-10.147 | TNS=-79660.706 |

Summary of Physical Synthesis Optimizations
============================================


----------------------------------------------------------------------------------------------------------------------------------------------------------------------
|  Optimization            |  WNS Gain (ns)  |  TNS Gain (ns)  |  Added Cells  |  Removed Cells  |  Optimized Cells/Nets  |  Dont Touch  |  Iterations  |  Elapsed   |
----------------------------------------------------------------------------------------------------------------------------------------------------------------------
|  Fanout                  |          0.000  |      -1559.172  |            0  |              0  |                     4  |           0  |           1  |  00:00:32  |
|  Critical Cell           |          0.144  |       1066.568  |            5  |              0  |                     5  |           0  |           1  |  00:00:16  |
|  Single Cell Placement   |          0.078  |        365.937  |            0  |              0  |                    14  |           0  |           1  |  00:00:10  |
|  BRAM Enable             |          0.000  |          0.000  |            0  |              0  |                     0  |           0  |           1  |  00:00:00  |
|  Total                   |          0.222  |       -126.667  |            5  |              0  |                    23  |           0  |           4  |  00:00:58  |
----------------------------------------------------------------------------------------------------------------------------------------------------------------------


Netlist sorting complete. Time (s): cpu = 00:00:00 ; elapsed = 00:00:00.007 . Memory (MB): peak = 2042.938 ; gain = 0.000
Ending Physical Synthesis Task | Checksum: 10908d148

Time (s): cpu = 00:01:44 ; elapsed = 00:01:23 . Memory (MB): peak = 2042.938 ; gain = 9.891
INFO: [Common 17-83] Releasing license: Implementation
206 Infos, 1 Warnings, 4 Critical Warnings and 0 Errors encountered.
phys_opt_design completed successfully
phys_opt_design: Time (s): cpu = 00:10:28 ; elapsed = 00:06:24 . Memory (MB): peak = 2042.938 ; gain = 33.820
INFO: [Timing 38-480] Writing timing data to binary archive.
Writing XDEF routing.
Writing XDEF routing logical nets.
Writing XDEF routing special nets.
Write XDEF Complete: Time (s): cpu = 00:00:05 ; elapsed = 00:00:02 . Memory (MB): peak = 2049.973 ; gain = 7.035
INFO: [Common 17-1381] The checkpoint 'D:/Vivado/NibblerCPU_4p5mhz/NibblerCPU_4p5mhz.runs/impl_1/Nibbler_physopt.dcp' has been generated.
write_checkpoint: Time (s): cpu = 00:00:07 ; elapsed = 00:00:05 . Memory (MB): peak = 2049.973 ; gain = 7.035
Command: route_design -directive RuntimeOptimized
Attempting to get a license for feature 'Implementation' and/or device 'xc7z020'
INFO: [Common 17-349] Got license for feature 'Implementation' and/or device 'xc7z020'
INFO: [DRC 23-27] Running DRC with 2 threads
INFO: [Vivado_Tcl 4-198] DRC finished with 0 Errors
INFO: [Vivado_Tcl 4-199] Please refer to the DRC report (report_drc) for more information.
Running DRC as a precondition to command route_design
INFO: [DRC 23-27] Running DRC with 2 threads
CRITICAL WARNING: [DRC LUTLP-1] Combinatorial Loop Alert: 10 LUT cells form a combinatorial loop. This can create a race condition. Timing analysis may not be accurate. The preferred resolution is to modify the design to remove combinatorial logic loops. If the loop is known and understood, this DRC can be bypassed by acknowledging the condition and setting the following XDC constraint on any one of the nets in the loop: 'set_property ALLOW_COMBINATORIAL_LOOPS TRUE [get_nets <myHier/myNet>]'. One net in the loop is fetch/aluResult_OBUF[3]. Please evaluate your design. The cells in the loop are: fetch/aluResult_OBUF[3]_inst_i_1, fetch/aluResult_OBUF[3]_inst_i_2, fetch/aluResult_OBUF[3]_inst_i_3, fetch/aluResult_OBUF[3]_inst_i_4, fetch/aluResult_OBUF[3]_inst_i_7, fetch/aluResult_OBUF[3]_inst_i_8, fetch/dataBus_OBUFT[3]_inst_i_1, fetch/dataBus_OBUFT[3]_inst_i_3, fetch/ffOut_OBUFT[3]_inst_i_1_replica_1, and fetch/ffOut_OBUFT[3]_inst_i_1_replica_2.
CRITICAL WARNING: [DRC LUTLP-1] Combinatorial Loop Alert: 12 LUT cells form a combinatorial loop. This can create a race condition. Timing analysis may not be accurate. The preferred resolution is to modify the design to remove combinatorial logic loops. If the loop is known and understood, this DRC can be bypassed by acknowledging the condition and setting the following XDC constraint on any one of the nets in the loop: 'set_property ALLOW_COMBINATORIAL_LOOPS TRUE [get_nets <myHier/myNet>]'. One net in the loop is a/dataOut_reg_1. Please evaluate your design. The cells in the loop are: fetch/aluResult_OBUF[0]_inst_i_1, fetch/aluResult_OBUF[0]_inst_i_2, fetch/aluResult_OBUF[0]_inst_i_3, fetch/aluResult_OBUF[0]_inst_i_4, fetch/aluResult_OBUF[0]_inst_i_6, fetch/aluResult_OBUF[0]_inst_i_7, fetch/aluResult_OBUF[0]_inst_i_8, fetch/aluResult_OBUF[0]_inst_i_9, a/aluResult_OBUF[2]_inst_i_9, fetch/dataBus_OBUFT[0]_inst_i_1, fetch/dataBus_OBUFT[0]_inst_i_3, and fetch/ffOut_OBUFT[0]_inst_i_1.
CRITICAL WARNING: [DRC LUTLP-1] Combinatorial Loop Alert: 6 LUT cells form a combinatorial loop. This can create a race condition. Timing analysis may not be accurate. The preferred resolution is to modify the design to remove combinatorial logic loops. If the loop is known and understood, this DRC can be bypassed by acknowledging the condition and setting the following XDC constraint on any one of the nets in the loop: 'set_property ALLOW_COMBINATORIAL_LOOPS TRUE [get_nets <myHier/myNet>]'. One net in the loop is fetch/aluResult_OBUF[1]. Please evaluate your design. The cells in the loop are: fetch/aluResult_OBUF[1]_inst_i_1, fetch/aluResult_OBUF[1]_inst_i_4, fetch/aluResult_OBUF[1]_inst_i_6, fetch/dataBus_OBUFT[1]_inst_i_1_replica, fetch/dataBus_OBUFT[1]_inst_i_3, and fetch/ffOut_OBUFT[1]_inst_i_1_replica.
CRITICAL WARNING: [DRC LUTLP-1] Combinatorial Loop Alert: 9 LUT cells form a combinatorial loop. This can create a race condition. Timing analysis may not be accurate. The preferred resolution is to modify the design to remove combinatorial logic loops. If the loop is known and understood, this DRC can be bypassed by acknowledging the condition and setting the following XDC constraint on any one of the nets in the loop: 'set_property ALLOW_COMBINATORIAL_LOOPS TRUE [get_nets <myHier/myNet>]'. One net in the loop is fetch/aluResult_OBUF[2]. Please evaluate your design. The cells in the loop are: fetch/aluResult_OBUF[2]_inst_i_1, fetch/aluResult_OBUF[2]_inst_i_2, fetch/aluResult_OBUF[2]_inst_i_3, fetch/aluResult_OBUF[2]_inst_i_4, fetch/aluResult_OBUF[2]_inst_i_7, fetch/aluResult_OBUF[2]_inst_i_8, fetch/dataBus_OBUFT[2]_inst_i_1, fetch/dataBus_OBUFT[2]_inst_i_3, and fetch/ffOut_OBUFT[2]_inst_i_1_replica.
INFO: [Vivado_Tcl 4-198] DRC finished with 0 Errors, 4 Critical Warnings
INFO: [Vivado_Tcl 4-199] Please refer to the DRC report (report_drc) for more information.


Starting Routing Task
INFO: [Route 35-270] Using Router directive 'RuntimeOptimized'.
INFO: [Route 35-254] Multithreading enabled for route_design using a maximum of 2 CPUs

Phase 1 Build RT Design
Checksum: PlaceDB: 442f6ee0 ConstDB: 0 ShapeSum: 9227e19a RouteDB: 0
Post Restoration Checksum: NetGraph: 576c7955 NumContArr: dcf7f478 Constraints: 0 Timing: 0
Phase 1 Build RT Design | Checksum: 134646dcd

Time (s): cpu = 00:00:37 ; elapsed = 00:00:34 . Memory (MB): peak = 2203.969 ; gain = 99.445

Phase 2 Router Initialization

Phase 2.1 Fix Topology Constraints
Phase 2.1 Fix Topology Constraints | Checksum: 134646dcd

Time (s): cpu = 00:00:37 ; elapsed = 00:00:34 . Memory (MB): peak = 2208.949 ; gain = 104.426

Phase 2.2 Pre Route Cleanup
Phase 2.2 Pre Route Cleanup | Checksum: 134646dcd

Time (s): cpu = 00:00:37 ; elapsed = 00:00:34 . Memory (MB): peak = 2208.949 ; gain = 104.426
 Number of Nodes with overlaps = 0

Phase 2.3 Update Timing
Phase 2.3 Update Timing | Checksum: 1befc17c6

Time (s): cpu = 00:04:21 ; elapsed = 00:02:59 . Memory (MB): peak = 2222.027 ; gain = 117.504
INFO: [Route 35-416] Intermediate Timing Summary | WNS=-10.326| TNS=-89652.553| WHS=-2.791 | THS=-21190.614|


Router Utilization Summary
  Global Vertical Routing Utilization    = 4.59439 %
  Global Horizontal Routing Utilization  = 6.3215 %
  Routable Net Status*
  *Does not include unroutable nets such as driverless and loadless.
  Run report_route_status for detailed report.
  Number of Failed Nets               = 17875
    (Failed Nets is the sum of unrouted and partially routed nets)
  Number of Unrouted Nets             = 17806
  Number of Partially Routed Nets     = 69
  Number of Node Overlaps             = 22010

Phase 2 Router Initialization | Checksum: 23273e063

Time (s): cpu = 00:07:53 ; elapsed = 00:05:09 . Memory (MB): peak = 2223.969 ; gain = 119.445

Phase 3 Initial Routing

Phase 3.1 Global Routing
Phase 3.1 Global Routing | Checksum: 23273e063

Time (s): cpu = 00:07:53 ; elapsed = 00:05:09 . Memory (MB): peak = 2223.969 ; gain = 119.445
Phase 3 Initial Routing | Checksum: 18431bc49

Time (s): cpu = 00:09:38 ; elapsed = 00:06:12 . Memory (MB): peak = 2491.773 ; gain = 387.250
INFO: [Route 35-580] Design has 16388 pins with tight setup and hold constraints.

The top 5 pins with tight setup and hold constraints:

+====================+===================+=========================+
| Launch Setup Clock | Launch Hold Clock | Pin                     |
+====================+===================+=========================+
| nibbler_clk        | nibbler_clk       | ram/outputData_reg[1]/D |
| nibbler_clk        | nibbler_clk       | ram/outputData_reg[0]/D |
| nibbler_clk        | nibbler_clk       | ram/outputData_reg[3]/D |
| nibbler_clk        | nibbler_clk       | ram/outputData_reg[2]/D |
| nibbler_clk        | nibbler_clk       | ram/data_reg[237][1]/D  |
+--------------------+-------------------+-------------------------+

File with complete list of pins: tight_setup_hold_pins.txt


Phase 4 Rip-up And Reroute

Phase 4.1 Global Iteration 0
 Number of Nodes with overlaps = 4684
 Number of Nodes with overlaps = 886
 Number of Nodes with overlaps = 340
 Number of Nodes with overlaps = 127
 Number of Nodes with overlaps = 44
 Number of Nodes with overlaps = 11
 Number of Nodes with overlaps = 5
 Number of Nodes with overlaps = 2
 Number of Nodes with overlaps = 0
INFO: [Route 35-416] Intermediate Timing Summary | WNS=-18.607| TNS=-155420.901| WHS=N/A    | THS=N/A    |

Phase 4.1 Global Iteration 0 | Checksum: 100ffdc26

Time (s): cpu = 00:15:36 ; elapsed = 00:10:17 . Memory (MB): peak = 2717.312 ; gain = 612.789
Phase 4 Rip-up And Reroute | Checksum: 100ffdc26

Time (s): cpu = 00:15:36 ; elapsed = 00:10:17 . Memory (MB): peak = 2717.312 ; gain = 612.789

Phase 5 Delay and Skew Optimization

Phase 5.1 Delay CleanUp
 Number of Nodes with overlaps = 0
Phase 5.1 Delay CleanUp | Checksum: 22360293f

Time (s): cpu = 00:15:37 ; elapsed = 00:10:17 . Memory (MB): peak = 2717.312 ; gain = 612.789

Phase 5.2 Clock Skew Optimization
Phase 5.2 Clock Skew Optimization | Checksum: 22360293f

Time (s): cpu = 00:15:37 ; elapsed = 00:10:18 . Memory (MB): peak = 2717.312 ; gain = 612.789
Phase 5 Delay and Skew Optimization | Checksum: 22360293f

Time (s): cpu = 00:15:37 ; elapsed = 00:10:18 . Memory (MB): peak = 2717.312 ; gain = 612.789

Phase 6 Post Hold Fix

Phase 6.1 Hold Fix Iter

Phase 6.1.1 Update Timing
Phase 6.1.1 Update Timing | Checksum: 263cbdceb

Time (s): cpu = 00:19:13 ; elapsed = 00:12:27 . Memory (MB): peak = 2717.312 ; gain = 612.789
INFO: [Route 35-416] Intermediate Timing Summary | WNS=-18.416| TNS=-152225.301| WHS=-4.672 | THS=-1342.613|


Phase 6.1.2 Lut RouteThru Assignment for hold
Phase 6.1.2 Lut RouteThru Assignment for hold | Checksum: 12461153e

Time (s): cpu = 00:19:26 ; elapsed = 00:12:38 . Memory (MB): peak = 2717.312 ; gain = 612.789
Phase 6.1 Hold Fix Iter | Checksum: 12461153e

Time (s): cpu = 00:19:26 ; elapsed = 00:12:38 . Memory (MB): peak = 2717.312 ; gain = 612.789

Phase 6.2 Additional Hold Fix
INFO: [Route 35-416] Intermediate Timing Summary | WNS=-18.416| TNS=-152225.301| WHS=-4.261 | THS=-964.957|

Phase 6.2 Additional Hold Fix | Checksum: 1eb461c69

Time (s): cpu = 00:30:54 ; elapsed = 00:21:17 . Memory (MB): peak = 2717.312 ; gain = 612.789
 Number of Nodes with overlaps = 3263
 Number of Nodes with overlaps = 88
 Number of Nodes with overlaps = 9
 Number of Nodes with overlaps = 3
 Number of Nodes with overlaps = 0
WARNING: [Route 35-468] The router encountered 9548 pins that are both setup-critical and hold-critical and tried to fix hold violations at the expense of setup slack. Such pins are:
	fetch/ffOut_OBUFT[0]_inst_i_1/I0
	fetch/ffOut_OBUFT[2]_inst_i_1/I0
	fetch/ffOut_OBUFT[3]_inst_i_1/I0
	fetch/ffOut_OBUFT[3]_inst_i_1_replica/I0
	ram/data_reg[1000][0]/D
	ram/data_reg[1001][0]/D
	ram/data_reg[1002][0]/D
	ram/data_reg[1003][0]/D
	ram/data_reg[1004][0]/D
	ram/data_reg[1005][0]/D
	.. and 9538 more pins.

Phase 6 Post Hold Fix | Checksum: 208136903

Time (s): cpu = 00:57:44 ; elapsed = 00:40:10 . Memory (MB): peak = 3448.086 ; gain = 1343.562

Phase 7 Route finalize

Router Utilization Summary
  Global Vertical Routing Utilization    = 13.2082 %
  Global Horizontal Routing Utilization  = 17.4572 %
  Routable Net Status*
  *Does not include unroutable nets such as driverless and loadless.
  Run report_route_status for detailed report.
  Number of Failed Nets               = 0
    (Failed Nets is the sum of unrouted and partially routed nets)
  Number of Unrouted Nets             = 0
  Number of Partially Routed Nets     = 0
  Number of Node Overlaps             = 0

Congestion Report
North Dir 1x1 Area, Max Cong = 77.4775%, No Congested Regions.
South Dir 1x1 Area, Max Cong = 81.0811%, No Congested Regions.
East Dir 1x1 Area, Max Cong = 79.4118%, No Congested Regions.
West Dir 1x1 Area, Max Cong = 88.2353%, Congestion bounded by tiles (Lower Left Tile -> Upper Right Tile):
   INT_L_X32Y33 -> INT_L_X32Y33
   INT_R_X29Y26 -> INT_R_X29Y26

------------------------------
Reporting congestion hotspots
------------------------------
Direction: North
----------------
Congested clusters found at Level 0
Effective congestion level: 0 Aspect Ratio: 1 Sparse Ratio: 0
Direction: South
----------------
Congested clusters found at Level 0
Effective congestion level: 0 Aspect Ratio: 1 Sparse Ratio: 0
Direction: East
----------------
Congested clusters found at Level 0
Effective congestion level: 0 Aspect Ratio: 1 Sparse Ratio: 0
Direction: West
----------------
Congested clusters found at Level 0
Effective congestion level: 0 Aspect Ratio: 1 Sparse Ratio: 1

Phase 7 Route finalize | Checksum: 143b8a746

Time (s): cpu = 00:57:44 ; elapsed = 00:40:10 . Memory (MB): peak = 3448.086 ; gain = 1343.562

Phase 8 Verifying routed nets

 Verification completed successfully
Phase 8 Verifying routed nets | Checksum: 143b8a746

Time (s): cpu = 00:57:44 ; elapsed = 00:40:10 . Memory (MB): peak = 3448.086 ; gain = 1343.562

Phase 9 Depositing Routes
Phase 9 Depositing Routes | Checksum: 10d9ccbff

Time (s): cpu = 00:57:47 ; elapsed = 00:40:13 . Memory (MB): peak = 3448.086 ; gain = 1343.562

Phase 10 Post Router Timing

Phase 10.1 Update Timing
Phase 10.1 Update Timing | Checksum: efbcc4ed

Time (s): cpu = 01:00:55 ; elapsed = 00:42:08 . Memory (MB): peak = 3448.086 ; gain = 1343.562
INFO: [Route 35-57] Estimated Timing Summary | WNS=-18.416| TNS=-155931.732| WHS=-0.562 | THS=-0.837 |

WARNING: [Route 35-328] Router estimated timing not met.
Resolution: For a complete and accurate timing signoff, report_timing_summary must be run after route_design. Alternatively, route_design can be run with the -timing_summary option to enable a complete timing signoff at the end of route_design.
Phase 10 Post Router Timing | Checksum: efbcc4ed

Time (s): cpu = 01:00:55 ; elapsed = 00:42:08 . Memory (MB): peak = 3448.086 ; gain = 1343.562
INFO: [Route 35-16] Router Completed Successfully

Time (s): cpu = 01:00:55 ; elapsed = 00:42:08 . Memory (MB): peak = 3448.086 ; gain = 1343.562

Routing Is Done.
INFO: [Common 17-83] Releasing license: Implementation
225 Infos, 3 Warnings, 8 Critical Warnings and 0 Errors encountered.
route_design completed successfully
route_design: Time (s): cpu = 01:09:44 ; elapsed = 00:47:28 . Memory (MB): peak = 3448.086 ; gain = 1398.113
INFO: [Timing 38-480] Writing timing data to binary archive.
Writing XDEF routing.
Writing XDEF routing logical nets.
Writing XDEF routing special nets.
Write XDEF Complete: Time (s): cpu = 00:00:04 ; elapsed = 00:00:02 . Memory (MB): peak = 3448.086 ; gain = 0.000
INFO: [Common 17-1381] The checkpoint 'D:/Vivado/NibblerCPU_4p5mhz/NibblerCPU_4p5mhz.runs/impl_1/Nibbler_routed.dcp' has been generated.
write_checkpoint: Time (s): cpu = 00:00:08 ; elapsed = 00:00:06 . Memory (MB): peak = 3448.086 ; gain = 0.000
INFO: [runtcl-4] Executing : report_drc -file Nibbler_drc_routed.rpt -pb Nibbler_drc_routed.pb -rpx Nibbler_drc_routed.rpx
Command: report_drc -file Nibbler_drc_routed.rpt -pb Nibbler_drc_routed.pb -rpx Nibbler_drc_routed.rpx
INFO: [IP_Flow 19-1839] IP Catalog is up to date.
INFO: [DRC 23-27] Running DRC with 2 threads
INFO: [Vivado_Tcl 2-168] The results of DRC are in file D:/Vivado/NibblerCPU_4p5mhz/NibblerCPU_4p5mhz.runs/impl_1/Nibbler_drc_routed.rpt.
report_drc completed successfully
report_drc: Time (s): cpu = 00:05:25 ; elapsed = 00:03:13 . Memory (MB): peak = 3448.086 ; gain = 0.000
INFO: [runtcl-4] Executing : report_methodology -file Nibbler_methodology_drc_routed.rpt -pb Nibbler_methodology_drc_routed.pb -rpx Nibbler_methodology_drc_routed.rpx
Command: report_methodology -file Nibbler_methodology_drc_routed.rpt -pb Nibbler_methodology_drc_routed.pb -rpx Nibbler_methodology_drc_routed.rpx
INFO: [Timing 38-35] Done setting XDC timing constraints.
INFO: [DRC 23-133] Running Methodology with 2 threads
INFO: [Vivado_Tcl 2-1520] The results of Report Methodology are in file D:/Vivado/NibblerCPU_4p5mhz/NibblerCPU_4p5mhz.runs/impl_1/Nibbler_methodology_drc_routed.rpt.
report_methodology completed successfully
report_methodology: Time (s): cpu = 00:06:27 ; elapsed = 00:03:52 . Memory (MB): peak = 3448.086 ; gain = 0.000
INFO: [runtcl-4] Executing : report_power -file Nibbler_power_routed.rpt -pb Nibbler_power_summary_routed.pb -rpx Nibbler_power_routed.rpx
Command: report_power -file Nibbler_power_routed.rpt -pb Nibbler_power_summary_routed.pb -rpx Nibbler_power_routed.rpx
INFO: [Timing 38-35] Done setting XDC timing constraints.
Running Vector-less Activity Propagation...

Finished Running Vector-less Activity Propagation
237 Infos, 3 Warnings, 8 Critical Warnings and 0 Errors encountered.
report_power completed successfully
report_power: Time (s): cpu = 00:05:52 ; elapsed = 00:03:27 . Memory (MB): peak = 3448.086 ; gain = 0.000
INFO: [runtcl-4] Executing : report_route_status -file Nibbler_route_status.rpt -pb Nibbler_route_status.pb
INFO: [runtcl-4] Executing : report_timing_summary -max_paths 10 -report_unconstrained -file Nibbler_timing_summary_routed.rpt -pb Nibbler_timing_summary_routed.pb -rpx Nibbler_timing_summary_routed.rpx -warn_on_violation 
INFO: [Timing 38-91] UpdateTimingParams: Speed grade: -1, Delay Type: min_max.
INFO: [Timing 38-191] Multithreading enabled for timing update using a maximum of 2 CPUs
CRITICAL WARNING: [Timing 38-282] The design failed to meet the timing requirements. Please see the timing summary report for details on the timing violations.
INFO: [runtcl-4] Executing : report_incremental_reuse -file Nibbler_incremental_reuse_routed.rpt
INFO: [Vivado_Tcl 4-1062] Incremental flow is disabled. No incremental reuse Info to report.
INFO: [runtcl-4] Executing : report_clock_utilization -file Nibbler_clock_utilization_routed.rpt
INFO: [runtcl-4] Executing : report_bus_skew -warn_on_violation -file Nibbler_bus_skew_routed.rpt -pb Nibbler_bus_skew_routed.pb -rpx Nibbler_bus_skew_routed.rpx
INFO: [Timing 38-91] UpdateTimingParams: Speed grade: -1, Delay Type: min_max.
INFO: [Timing 38-191] Multithreading enabled for timing update using a maximum of 2 CPUs
INFO: [Common 17-206] Exiting Vivado at Sun Nov 17 05:44:04 2024...
